<?xml version="1.0" encoding="UTF-8"?>
<testng-results ignored="0" total="1" passed="1" failed="0" skipped="0">
  <reporter-output>
    <line>
      <![CDATA[CustomerModule]]>
    </line>
  </reporter-output>
  <suite started-at="2023-03-03T08:13:08Z" name="Default suite" finished-at="2023-03-03T08:13:08Z" duration-ms="22">
    <groups>
    </groups>
    <test started-at="2023-03-03T08:13:08Z" name="Default test" finished-at="2023-03-03T08:13:08Z" duration-ms="22">
      <class name="com.actitime.testscript.CustomerModule">
        <test-method signature="testCustomerModule()[pri:0, instance:com.actitime.testscript.CustomerModule@248e319b]" started-at="2023-03-03T08:13:08Z" name="testCustomerModule" finished-at="2023-03-03T08:13:08Z" duration-ms="9" status="PASS">
          <reporter-output>
            <line>
              <![CDATA[CustomerModule]]>
            </line>
          </reporter-output>
        </test-method> <!-- testCustomerModule -->
      </class> <!-- com.actitime.testscript.CustomerModule -->
    </test> <!-- Default test -->
  </suite> <!-- Default suite -->
</testng-results>
